<?xml version="1.0" encoding="UTF-8"?>
<!-- Generated by org.testng.reporters.JUnitXMLReporter -->
<testsuite hostname="QSIH-00493" name="sample test" tests="6" failures="0" timestamp="22 Aug 2015 18:12:09 GMT" time="99.386" errors="0">
  <testcase name="clickOnSiteLogoAndCheckThePageTitle" time="2.42" classname="com.nk.tests.HomePageTest"/>
  <testcase name="clickOnNaukriFastForwardLink" time="15.141" classname="com.nk.tests.HomePageTest"/>
  <testcase name="clickOnEmployerZone" time="12.789" classname="com.nk.tests.HomePageTest"/>
  <testcase name="clickOnBuyonlineLinks" time="27.836" classname="com.nk.tests.HomePageTest"/>
  <testcase name="clickOnPostYourCV" time="24.908" classname="com.nk.tests.HomePageTest"/>
  <testcase name="clickOnCreateJobAlert" time="2.693" classname="com.nk.tests.HomePageTest"/>
</testsuite> <!-- sample test -->
